2018-05-18 11:24:19 [main] INFO  c.e.d.TelstraCodingApplicationTests - Starting TelstraCodingApplicationTests on L-156145012 with PID 12028 (started by SA356771 in C:\Users\SA356771\Documents\telstra\telstra-coding)
2018-05-18 11:24:19 [main] DEBUG c.e.d.TelstraCodingApplicationTests - Running with Spring Boot v2.0.2.RELEASE, Spring v5.0.6.RELEASE
2018-05-18 11:24:19 [background-preinit] DEBUG o.h.v.m.ResourceBundleMessageInterpolator - Loaded expression factory via original TCCL
2018-05-18 11:24:19 [main] DEBUG o.s.c.e.PropertySourcesPropertyResolver - Could not find key 'spring.profiles.active' in any property source
2018-05-18 11:24:19 [main] DEBUG o.s.c.e.PropertySourcesPropertyResolver - Could not find key 'spring.profiles.default' in any property source
2018-05-18 11:24:19 [main] INFO  c.e.d.TelstraCodingApplicationTests - No active profile set, falling back to default profiles: default
2018-05-18 11:24:19 [main] DEBUG o.s.boot.SpringApplication - Loading source class com.example.demo.TelstraCodingApplication
2018-05-18 11:24:19 [background-preinit] DEBUG o.h.v.i.engine.ValidatorFactoryImpl - HV000234: Using org.hibernate.validator.messageinterpolation.ResourceBundleMessageInterpolator as ValidatorFactory-scoped message interpolator.
2018-05-18 11:24:19 [background-preinit] DEBUG o.h.v.i.engine.ValidatorFactoryImpl - HV000234: Using org.hibernate.validator.internal.engine.resolver.TraverseAllTraversableResolver as ValidatorFactory-scoped traversable resolver.
2018-05-18 11:24:19 [background-preinit] DEBUG o.h.v.i.engine.ValidatorFactoryImpl - HV000234: Using org.hibernate.validator.internal.util.ExecutableParameterNameProvider as ValidatorFactory-scoped parameter name provider.
2018-05-18 11:24:19 [background-preinit] DEBUG o.h.v.i.engine.ValidatorFactoryImpl - HV000234: Using org.hibernate.validator.internal.engine.DefaultClockProvider as ValidatorFactory-scoped clock provider.
2018-05-18 11:24:19 [background-preinit] DEBUG o.h.v.i.engine.ValidatorFactoryImpl - HV000234: Using org.hibernate.validator.internal.engine.scripting.DefaultScriptEvaluatorFactory as ValidatorFactory-scoped script evaluator factory.
2018-05-18 11:24:19 [main] DEBUG o.s.c.a.ClassPathBeanDefinitionScanner - JSR-250 'javax.annotation.ManagedBean' found and supported for component scanning
2018-05-18 11:24:19 [main] DEBUG o.s.b.c.c.ConfigFileApplicationListener - Loaded config file 'file:/C:/Users/SA356771/Documents/telstra/telstra-coding/target/classes/application.properties' (classpath:/application.properties)
2018-05-18 11:24:19 [main] INFO  o.s.w.c.s.GenericWebApplicationContext - Refreshing org.springframework.web.context.support.GenericWebApplicationContext@1a75e76a: startup date [Fri May 18 11:24:19 IST 2018]; root of context hierarchy
2018-05-18 11:24:19 [main] DEBUG o.s.w.c.s.GenericWebApplicationContext - Bean factory for org.springframework.web.context.support.GenericWebApplicationContext@1a75e76a: org.springframework.beans.factory.support.DefaultListableBeanFactory@638ef7ed: defining beans [org.springframework.boot.test.mock.mockito.MockitoPostProcessor$SpyPostProcessor,org.springframework.boot.test.mock.mockito.MockitoPostProcessor,org.springframework.context.annotation.internalConfigurationAnnotationProcessor,org.springframework.context.annotation.internalAutowiredAnnotationProcessor,org.springframework.context.annotation.internalRequiredAnnotationProcessor,org.springframework.context.annotation.internalCommonAnnotationProcessor,org.springframework.context.event.internalEventListenerProcessor,org.springframework.context.event.internalEventListenerFactory,telstraCodingApplication]; root of factory hierarchy
2018-05-18 11:24:19 [main] DEBUG o.s.b.f.s.DefaultListableBeanFactory - Registering scope 'request' with implementation [org.springframework.web.context.request.RequestScope@7ba8c737]
2018-05-18 11:24:19 [main] DEBUG o.s.b.f.s.DefaultListableBeanFactory - Registering scope 'session' with implementation [org.springframework.web.context.request.SessionScope@16c069df]
2018-05-18 11:24:19 [main] DEBUG o.s.b.f.s.DefaultListableBeanFactory - Registering scope 'application' with implementation [org.springframework.web.context.support.ServletContextScope@26adfd2d]
2018-05-18 11:24:19 [main] DEBUG o.s.b.f.s.DefaultListableBeanFactory - Creating shared instance of singleton bean 'org.springframework.context.annotation.internalConfigurationAnnotationProcessor'
2018-05-18 11:24:19 [main] DEBUG o.s.b.f.s.DefaultListableBeanFactory - Creating instance of bean 'org.springframework.context.annotation.internalConfigurationAnnotationProcessor'
2018-05-18 11:24:19 [main] DEBUG o.s.b.f.s.DefaultListableBeanFactory - Eagerly caching bean 'org.springframework.context.annotation.internalConfigurationAnnotationProcessor' to allow for resolving potential circular references
2018-05-18 11:24:19 [main] DEBUG o.s.b.f.s.DefaultListableBeanFactory - Creating shared instance of singleton bean 'org.springframework.boot.autoconfigure.internalCachingMetadataReaderFactory'
2018-05-18 11:24:19 [main] DEBUG o.s.b.f.s.DefaultListableBeanFactory - Creating instance of bean 'org.springframework.boot.autoconfigure.internalCachingMetadataReaderFactory'
2018-05-18 11:24:19 [main] DEBUG o.s.b.f.s.DefaultListableBeanFactory - Eagerly caching bean 'org.springframework.boot.autoconfigure.internalCachingMetadataReaderFactory' to allow for resolving potential circular references
2018-05-18 11:24:19 [main] DEBUG o.s.b.f.s.DefaultListableBeanFactory - Finished creating instance of bean 'org.springframework.boot.autoconfigure.internalCachingMetadataReaderFactory'
2018-05-18 11:24:19 [main] DEBUG o.s.b.f.s.DefaultListableBeanFactory - Finished creating instance of bean 'org.springframework.context.annotation.internalConfigurationAnnotationProcessor'
2018-05-18 11:24:20 [main] DEBUG o.s.c.a.ClassPathBeanDefinitionScanner - JSR-250 'javax.annotation.ManagedBean' found and supported for component scanning
2018-05-18 11:24:20 [main] DEBUG o.s.c.i.s.PathMatchingResourcePatternResolver - Resolved classpath location [com/example/demo/] to resources [URL [file:/C:/Users/SA356771/Documents/telstra/telstra-coding/target/test-classes/com/example/demo/], URL [file:/C:/Users/SA356771/Documents/telstra/telstra-coding/target/classes/com/example/demo/]]
2018-05-18 11:24:20 [main] DEBUG o.s.c.i.s.PathMatchingResourcePatternResolver - Looking for matching resources in directory tree [C:\Users\SA356771\Documents\telstra\telstra-coding\target\test-classes\com\example\demo]
2018-05-18 11:24:20 [main] DEBUG o.s.c.i.s.PathMatchingResourcePatternResolver - Searching directory [C:\Users\SA356771\Documents\telstra\telstra-coding\target\test-classes\com\example\demo] for files matching pattern [C:/Users/SA356771/Documents/telstra/telstra-coding/target/test-classes/com/example/demo/**/*.class]
2018-05-18 11:24:20 [main] DEBUG o.s.c.i.s.PathMatchingResourcePatternResolver - Looking for matching resources in directory tree [C:\Users\SA356771\Documents\telstra\telstra-coding\target\classes\com\example\demo]
2018-05-18 11:24:20 [main] DEBUG o.s.c.i.s.PathMatchingResourcePatternResolver - Searching directory [C:\Users\SA356771\Documents\telstra\telstra-coding\target\classes\com\example\demo] for files matching pattern [C:/Users/SA356771/Documents/telstra/telstra-coding/target/classes/com/example/demo/**/*.class]
2018-05-18 11:24:20 [main] DEBUG o.s.c.i.s.PathMatchingResourcePatternResolver - Searching directory [C:\Users\SA356771\Documents\telstra\telstra-coding\target\classes\com\example\demo\aspect] for files matching pattern [C:/Users/SA356771/Documents/telstra/telstra-coding/target/classes/com/example/demo/**/*.class]
2018-05-18 11:24:20 [main] DEBUG o.s.c.i.s.PathMatchingResourcePatternResolver - Searching directory [C:\Users\SA356771\Documents\telstra\telstra-coding\target\classes\com\example\demo\controller] for files matching pattern [C:/Users/SA356771/Documents/telstra/telstra-coding/target/classes/com/example/demo/**/*.class]
2018-05-18 11:24:20 [main] DEBUG o.s.c.i.s.PathMatchingResourcePatternResolver - Searching directory [C:\Users\SA356771\Documents\telstra\telstra-coding\target\classes\com\example\demo\model] for files matching pattern [C:/Users/SA356771/Documents/telstra/telstra-coding/target/classes/com/example/demo/**/*.class]
2018-05-18 11:24:20 [main] DEBUG o.s.c.i.s.PathMatchingResourcePatternResolver - Searching directory [C:\Users\SA356771\Documents\telstra\telstra-coding\target\classes\com\example\demo\service] for files matching pattern [C:/Users/SA356771/Documents/telstra/telstra-coding/target/classes/com/example/demo/**/*.class]
2018-05-18 11:24:20 [main] DEBUG o.s.c.i.s.PathMatchingResourcePatternResolver - Searching directory [C:\Users\SA356771\Documents\telstra\telstra-coding\target\classes\com\example\demo\util] for files matching pattern [C:/Users/SA356771/Documents/telstra/telstra-coding/target/classes/com/example/demo/**/*.class]
2018-05-18 11:24:20 [main] DEBUG o.s.c.i.s.PathMatchingResourcePatternResolver - Resolved location pattern [classpath*:com/example/demo/**/*.class] to resources [file [C:\Users\SA356771\Documents\telstra\telstra-coding\target\test-classes\com\example\demo\LoggingTestCase.class], file [C:\Users\SA356771\Documents\telstra\telstra-coding\target\test-classes\com\example\demo\TelstraCodingApplicationTests.class], file [C:\Users\SA356771\Documents\telstra\telstra-coding\target\classes\com\example\demo\aspect\LoggingAspect.class], file [C:\Users\SA356771\Documents\telstra\telstra-coding\target\classes\com\example\demo\controller\DemoController.class], file [C:\Users\SA356771\Documents\telstra\telstra-coding\target\classes\com\example\demo\model\CustomResponse.class], file [C:\Users\SA356771\Documents\telstra\telstra-coding\target\classes\com\example\demo\service\DemoServiceImpl.class], file [C:\Users\SA356771\Documents\telstra\telstra-coding\target\classes\com\example\demo\service\DemoServices.class], file [C:\Users\SA356771\Documents\telstra\telstra-coding\target\classes\com\example\demo\TelstraCodingApplication.class], file [C:\Users\SA356771\Documents\telstra\telstra-coding\target\classes\com\example\demo\util\ArrayListsCustom.class], file [C:\Users\SA356771\Documents\telstra\telstra-coding\target\classes\com\example\demo\util\Validations.class]]
2018-05-18 11:24:20 [main] DEBUG o.s.b.f.s.DefaultListableBeanFactory - Returning cached instance of singleton bean 'org.springframework.boot.test.context.filter.TestTypeExcludeFilter'
2018-05-18 11:24:20 [main] DEBUG o.s.b.f.s.DefaultListableBeanFactory - Returning cached instance of singleton bean 'org.springframework.boot.test.context.filter.TestTypeExcludeFilter'
2018-05-18 11:24:20 [main] DEBUG o.s.b.f.s.DefaultListableBeanFactory - Returning cached instance of singleton bean 'org.springframework.boot.test.context.filter.TestTypeExcludeFilter'
2018-05-18 11:24:20 [main] DEBUG o.s.c.a.ClassPathBeanDefinitionScanner - Identified candidate component class: file [C:\Users\SA356771\Documents\telstra\telstra-coding\target\classes\com\example\demo\aspect\LoggingAspect.class]
2018-05-18 11:24:20 [main] DEBUG o.s.b.f.s.DefaultListableBeanFactory - Returning cached instance of singleton bean 'org.springframework.boot.test.context.filter.TestTypeExcludeFilter'
2018-05-18 11:24:20 [main] DEBUG o.s.c.a.ClassPathBeanDefinitionScanner - Identified candidate component class: file [C:\Users\SA356771\Documents\telstra\telstra-coding\target\classes\com\example\demo\controller\DemoController.class]
2018-05-18 11:24:20 [main] DEBUG o.s.b.f.s.DefaultListableBeanFactory - Returning cached instance of singleton bean 'org.springframework.boot.test.context.filter.TestTypeExcludeFilter'
2018-05-18 11:24:20 [main] DEBUG o.s.b.f.s.DefaultListableBeanFactory - Returning cached instance of singleton bean 'org.springframework.boot.test.context.filter.TestTypeExcludeFilter'
2018-05-18 11:24:20 [main] DEBUG o.s.c.a.ClassPathBeanDefinitionScanner - Identified candidate component class: file [C:\Users\SA356771\Documents\telstra\telstra-coding\target\classes\com\example\demo\service\DemoServiceImpl.class]
