2018-05-18 11:31:27 [main] DEBUG o.s.b.f.s.DefaultListableBeanFactory - Finished creating instance of bean 'org.springframework.aop.config.internalAutoProxyCreator'
2018-05-18 11:31:27 [main] DEBUG o.s.b.f.s.DefaultListableBeanFactory - Creating shared instance of singleton bean 'webServerFactoryCustomizerBeanPostProcessor'
2018-05-18 11:31:27 [main] DEBUG o.s.b.f.s.DefaultListableBeanFactory - Creating instance of bean 'webServerFactoryCustomizerBeanPostProcessor'
2018-05-18 11:31:27 [main] DEBUG o.s.b.f.s.DefaultListableBeanFactory - Eagerly caching bean 'webServerFactoryCustomizerBeanPostProcessor' to allow for resolving potential circular references
2018-05-18 11:31:27 [main] DEBUG o.s.b.f.s.DefaultListableBeanFactory - Finished creating instance of bean 'webServerFactoryCustomizerBeanPostProcessor'
2018-05-18 11:31:27 [main] DEBUG o.s.b.f.s.DefaultListableBeanFactory - Creating shared instance of singleton bean 'errorPageRegistrarBeanPostProcessor'
2018-05-18 11:31:27 [main] DEBUG o.s.b.f.s.DefaultListableBeanFactory - Creating instance of bean 'errorPageRegistrarBeanPostProcessor'
2018-05-18 11:31:27 [main] DEBUG o.s.b.f.s.DefaultListableBeanFactory - Eagerly caching bean 'errorPageRegistrarBeanPostProcessor' to allow for resolving potential circular references
2018-05-18 11:31:27 [main] DEBUG o.s.b.f.s.DefaultListableBeanFactory - Finished creating instance of bean 'errorPageRegistrarBeanPostProcessor'
2018-05-18 11:31:27 [main] DEBUG o.s.b.f.s.DefaultListableBeanFactory - Returning cached instance of singleton bean 'org.springframework.boot.test.autoconfigure.properties.PropertyMappingContextCustomizer$PropertyMappingCheckBeanPostProcessor'
2018-05-18 11:31:27 [main] DEBUG o.s.w.c.s.GenericWebApplicationContext - Unable to locate MessageSource with name 'messageSource': using default [org.springframework.context.support.DelegatingMessageSource@3574e198]
2018-05-18 11:31:27 [main] DEBUG o.s.w.c.s.GenericWebApplicationContext - Unable to locate ApplicationEventMulticaster with name 'applicationEventMulticaster': using default [org.springframework.context.event.SimpleApplicationEventMulticaster@6db66836]
2018-05-18 11:31:27 [main] DEBUG o.s.u.c.s.UiApplicationContextUtils - Unable to locate ThemeSource with name 'themeSource': using default [org.springframework.ui.context.support.ResourceBundleThemeSource@548e76f1]
2018-05-18 11:31:27 [main] DEBUG o.s.b.f.s.DefaultListableBeanFactory - Pre-instantiating singletons in org.springframework.beans.factory.support.DefaultListableBeanFactory@33f676f6: defining beans [org.springframework.boot.test.mock.mockito.MockitoPostProcessor$SpyPostProcessor,org.springframework.boot.test.mock.mockito.MockitoPostProcessor,org.springframework.context.annotation.internalConfigurationAnnotationProcessor,org.springframework.context.annotation.internalAutowiredAnnotationProcessor,org.springframework.context.annotation.internalRequiredAnnotationProcessor,org.springframework.context.annotation.internalCommonAnnotationProcessor,org.springframework.context.event.internalEventListenerProcessor,org.springframework.context.event.internalEventListenerFactory,telstraCodingApplication,org.springframework.boot.autoconfigure.internalCachingMetadataReaderFactory,loggingAspect,demoController,demoServiceImpl,org.springframework.boot.autoconfigure.AutoConfigurationPackages,org.springframework.boot.autoconfigure.context.PropertyPlaceholderAutoConfiguration,org.springframework.boot.autoconfigure.condition.BeanTypeRegistry,propertySourcesPlaceholderConfigurer,org.springframework.boot.autoconfigure.websocket.servlet.WebSocketServletAutoConfiguration$TomcatWebSocketConfiguration,websocketContainerCustomizer,org.springframework.boot.autoconfigure.websocket.servlet.WebSocketServletAutoConfiguration,org.springframework.boot.autoconfigure.web.servlet.ServletWebServerFactoryConfiguration$EmbeddedTomcat,tomcatServletWebServerFactory,org.springframework.boot.autoconfigure.web.servlet.ServletWebServerFactoryAutoConfiguration,servletWebServerFactoryCustomizer,tomcatServletWebServerFactoryCustomizer,server-org.springframework.boot.autoconfigure.web.ServerProperties,org.springframework.boot.context.properties.ConfigurationPropertiesBindingPostProcessor,org.springframework.boot.context.properties.ConfigurationBeanFactoryMetadata,webServerFactoryCustomizerBeanPostProcessor,errorPageRegistrarBeanPostProcessor,org.springframework.boot.autoconfigure.web.servlet.DispatcherServletAutoConfiguration$DispatcherServletConfiguration,dispatcherServlet,mainDispatcherServletPathProvider,spring.mvc-org.springframework.boot.autoconfigure.web.servlet.WebMvcProperties,org.springframework.boot.autoconfigure.web.servlet.DispatcherServletAutoConfiguration$DispatcherServletRegistrationConfiguration,dispatcherServletRegistration,org.springframework.boot.autoconfigure.web.servlet.DispatcherServletAutoConfiguration,org.springframework.boot.autoconfigure.validation.ValidationAutoConfiguration,defaultValidator,methodValidationPostProcessor,org.springframework.boot.autoconfigure.web.servlet.error.ErrorMvcAutoConfiguration$WhitelabelErrorViewConfiguration,error,beanNameViewResolver,org.springframework.boot.autoconfigure.web.servlet.error.ErrorMvcAutoConfiguration$DefaultErrorViewResolverConfiguration,conventionErrorViewResolver,org.springframework.boot.autoconfigure.web.servlet.error.ErrorMvcAutoConfiguration,errorAttributes,basicErrorController,errorPageCustomizer,preserveErrorControllerTargetClassPostProcessor,spring.resources-org.springframework.boot.autoconfigure.web.ResourceProperties,org.springframework.boot.autoconfigure.web.servlet.WebMvcAutoConfiguration$WebMvcAutoConfigurationAdapter$FaviconConfiguration,faviconHandlerMapping,faviconRequestHandler,org.springframework.boot.autoconfigure.web.servlet.WebMvcAutoConfiguration$EnableWebMvcConfiguration,requestMappingHandlerAdapter,requestMappingHandlerMapping,mvcConversionService,mvcValidator,mvcContentNegotiationManager,mvcPathMatcher,mvcUrlPathHelper,viewControllerHandlerMapping,beanNameHandlerMapping,resourceHandlerMapping,mvcResourceUrlProvider,defaultServletHandlerMapping,mvcUriComponentsContributor,httpRequestHandlerAdapter,simpleControllerHandlerAdapter,handlerExceptionResolver,mvcViewResolver,mvcHandlerMappingIntrospector,org.springframework.boot.autoconfigure.web.servlet.WebMvcAutoConfiguration$WebMvcAutoConfigurationAdapter,defaultViewResolver,viewResolver,welcomePageHandlerMapping,requestContextFilter,org.springframework.boot.autoconfigure.web.servlet.WebMvcAutoConfiguration,hiddenHttpMethodFilter,httpPutFormContentFilter,org.springframework.boot.autoconfigure.aop.AopAutoConfiguration$CglibAutoProxyConfiguration,org.springframework.aop.config.internalAutoProxyCreator,org.springframework.boot.autoconfigure.aop.AopAutoConfiguration,org.springframework.boot.autoconfigure.context.ConfigurationPropertiesAutoConfiguration,org.springframework.boot.autoconfigure.jackson.JacksonAutoConfiguration$Jackson2ObjectMapperBuilderCustomizerConfiguration,standardJacksonObjectMapperBuilderCustomizer,spring.jackson-org.springframework.boot.autoconfigure.jackson.JacksonProperties,org.springframework.boot.autoconfigure.jackson.JacksonAutoConfiguration$JacksonObjectMapperBuilderConfiguration,jacksonObjectMapperBuilder,org.springframework.boot.autoconfigure.jackson.JacksonAutoConfiguration$ParameterNamesModuleConfiguration,parameterNamesModule,org.springframework.boot.autoconfigure.jackson.JacksonAutoConfiguration$JacksonObjectMapperConfiguration,jacksonObjectMapper,org.springframework.boot.autoconfigure.jackson.JacksonAutoConfiguration,jsonComponentModule,org.springframework.boot.autoconfigure.http.HttpMessageConvertersAutoConfiguration$StringHttpMessageConverterConfiguration,stringHttpMessageConverter,spring.http.encoding-org.springframework.boot.autoconfigure.http.HttpEncodingProperties,org.springframework.boot.autoconfigure.http.JacksonHttpMessageConvertersConfiguration$MappingJackson2HttpMessageConverterConfiguration,mappingJackson2HttpMessageConverter,org.springframework.boot.autoconfigure.http.JacksonHttpMessageConvertersConfiguration,org.springframework.boot.autoconfigure.http.HttpMessageConvertersAutoConfiguration,messageConverters,org.springframework.boot.autoconfigure.http.codec.CodecsAutoConfiguration$JacksonCodecConfiguration,jacksonCodecCustomizer,org.springframework.boot.autoconfigure.http.codec.CodecsAutoConfiguration,org.springframework.boot.autoconfigure.info.ProjectInfoAutoConfiguration,spring.info-org.springframework.boot.autoconfigure.info.ProjectInfoProperties,org.springframework.boot.autoconfigure.security.reactive.ReactiveSecurityAutoConfiguration,spring.security-org.springframework.boot.autoconfigure.security.SecurityProperties,org.springframework.boot.autoconfigure.web.client.RestTemplateAutoConfiguration,restTemplateBuilder,org.springframework.boot.autoconfigure.web.embedded.EmbeddedWebServerFactoryCustomizerAutoConfiguration$TomcatWebServerFactoryCustomizerConfiguration,tomcatWebServerFactoryCustomizer,org.springframework.boot.autoconfigure.web.embedded.EmbeddedWebServerFactoryCustomizerAutoConfiguration,org.springframework.boot.autoconfigure.web.servlet.HttpEncodingAutoConfiguration,characterEncodingFilter,localeCharsetMappingsCustomizer,org.springframework.boot.autoconfigure.web.servlet.MultipartAutoConfiguration,multipartConfigElement,multipartResolver,spring.servlet.multipart-org.springframework.boot.autoconfigure.web.servlet.MultipartProperties]; root of factory hierarchy
2018-05-18 11:31:27 [main] DEBUG o.s.b.f.s.DefaultListableBeanFactory - Returning cached instance of singleton bean 'org.springframework.boot.test.mock.mockito.MockitoPostProcessor$SpyPostProcessor'
2018-05-18 11:31:27 [main] DEBUG o.s.b.f.s.DefaultListableBeanFactory - Returning cached instance of singleton bean 'org.springframework.boot.test.mock.mockito.MockitoPostProcessor'
2018-05-18 11:31:27 [main] DEBUG o.s.b.f.s.DefaultListableBeanFactory - Returning cached instance of singleton bean 'org.springframework.context.annotation.internalConfigurationAnnotationProcessor'
2018-05-18 11:31:27 [main] DEBUG o.s.b.f.s.DefaultListableBeanFactory - Returning cached instance of singleton bean 'org.springframework.context.annotation.internalAutowiredAnnotationProcessor'
2018-05-18 11:31:27 [main] DEBUG o.s.b.f.s.DefaultListableBeanFactory - Returning cached instance of singleton bean 'org.springframework.context.annotation.internalRequiredAnnotationProcessor'
2018-05-18 11:31:27 [main] DEBUG o.s.b.f.s.DefaultListableBeanFactory - Returning cached instance of singleton bean 'org.springframework.context.annotation.internalCommonAnnotationProcessor'
2018-05-18 11:31:27 [main] DEBUG o.s.b.f.s.DefaultListableBeanFactory - Creating shared instance of singleton bean 'org.springframework.context.event.internalEventListenerProcessor'
2018-05-18 11:31:27 [main] DEBUG o.s.b.f.s.DefaultListableBeanFactory - Creating instance of bean 'org.springframework.context.event.internalEventListenerProcessor'
2018-05-18 11:31:27 [main] DEBUG o.s.a.a.a.ReflectiveAspectJAdvisorFactory - Found AspectJ method: public void com.example.demo.aspect.LoggingAspect.logBeforeValidateUser(org.aspectj.lang.JoinPoint)
2018-05-18 11:31:27 [main] DEBUG o.s.a.a.a.ReflectiveAspectJAdvisorFactory - Found AspectJ method: public void com.example.demo.aspect.LoggingAspect.logAfterValidateUser(org.aspectj.lang.JoinPoint)
2018-05-18 11:31:27 [main] DEBUG o.s.a.a.a.ReflectiveAspectJAdvisorFactory - Found AspectJ method: public void com.example.demo.aspect.LoggingAspect.logAfterReturningValidateUser(org.aspectj.lang.JoinPoint,java.lang.Object)
2018-05-18 11:31:27 [main] DEBUG o.s.a.a.a.ReflectiveAspectJAdvisorFactory - Found AspectJ method: public void com.example.demo.aspect.LoggingAspect.logAfterThrowingValidateUser(org.aspectj.lang.JoinPoint,java.lang.Throwable)
2018-05-18 11:31:27 [main] DEBUG o.s.b.f.s.DefaultListableBeanFactory - Eagerly caching bean 'org.springframework.context.event.internalEventListenerProcessor' to allow for resolving potential circular references
2018-05-18 11:31:27 [main] DEBUG o.s.b.f.s.DefaultListableBeanFactory - Finished creating instance of bean 'org.springframework.context.event.internalEventListenerProcessor'
2018-05-18 11:31:27 [main] DEBUG o.s.b.f.s.DefaultListableBeanFactory - Creating shared instance of singleton bean 'org.springframework.context.event.internalEventListenerFactory'
2018-05-18 11:31:27 [main] DEBUG o.s.b.f.s.DefaultListableBeanFactory - Creating instance of bean 'org.springframework.context.event.internalEventListenerFactory'
2018-05-18 11:31:27 [main] DEBUG o.s.b.f.s.DefaultListableBeanFactory - Eagerly caching bean 'org.springframework.context.event.internalEventListenerFactory' to allow for resolving potential circular references
2018-05-18 11:31:27 [main] DEBUG o.s.b.f.s.DefaultListableBeanFactory - Finished creating instance of bean 'org.springframework.context.event.internalEventListenerFactory'
2018-05-18 11:31:27 [main] DEBUG o.s.b.f.s.DefaultListableBeanFactory - Creating shared instance of singleton bean 'telstraCodingApplication'
2018-05-18 11:31:27 [main] DEBUG o.s.b.f.s.DefaultListableBeanFactory - Creating instance of bean 'telstraCodingApplication'
2018-05-18 11:31:27 [main] DEBUG o.s.b.f.s.DefaultListableBeanFactory - Eagerly caching bean 'telstraCodingApplication' to allow for resolving potential circular references
2018-05-18 11:31:27 [main] DEBUG o.s.b.f.s.DefaultListableBeanFactory - Finished creating instance of bean 'telstraCodingApplication'
2018-05-18 11:31:27 [main] DEBUG o.s.b.f.s.DefaultListableBeanFactory - Returning cached instance of singleton bean 'org.springframework.boot.autoconfigure.internalCachingMetadataReaderFactory'
2018-05-18 11:31:27 [main] DEBUG o.s.b.f.s.DefaultListableBeanFactory - Creating shared instance of singleton bean 'loggingAspect'
2018-05-18 11:31:27 [main] DEBUG o.s.b.f.s.DefaultListableBeanFactory - Creating instance of bean 'loggingAspect'
2018-05-18 11:31:27 [main] DEBUG o.s.b.f.s.DefaultListableBeanFactory - Eagerly caching bean 'loggingAspect' to allow for resolving potential circular references
2018-05-18 11:31:27 [main] DEBUG o.s.b.f.s.DefaultListableBeanFactory - Finished creating instance of bean 'loggingAspect'
2018-05-18 11:31:27 [main] DEBUG o.s.b.f.s.DefaultListableBeanFactory - Creating shared instance of singleton bean 'demoController'
2018-05-18 11:31:27 [main] DEBUG o.s.b.f.s.DefaultListableBeanFactory - Creating instance of bean 'demoController'
2018-05-18 11:31:27 [main] DEBUG o.s.b.f.annotation.InjectionMetadata - Registered injected element on class [com.example.demo.controller.DemoController]: AutowiredFieldElement for com.example.demo.service.DemoServices com.example.demo.controller.DemoController.service
2018-05-18 11:31:27 [main] DEBUG o.s.b.f.annotation.InjectionMetadata - Registered injected element on class [com.example.demo.controller.DemoController]: AutowiredFieldElement for java.lang.String com.example.demo.controller.DemoController.ERROR_MESSAGE
2018-05-18 11:31:27 [main] DEBUG o.s.b.f.annotation.InjectionMetadata - Registered injected element on class [com.example.demo.controller.DemoController]: AutowiredFieldElement for java.lang.String com.example.demo.controller.DemoController.ERROR_MESSAGE_TIMEOUT
2018-05-18 11:31:27 [main] DEBUG o.s.b.f.s.DefaultListableBeanFactory - Eagerly caching bean 'demoController' to allow for resolving potential circular references
2018-05-18 11:31:27 [main] DEBUG o.s.b.f.annotation.InjectionMetadata - Processing injected element of bean 'demoController': AutowiredFieldElement for com.example.demo.service.DemoServices com.example.demo.controller.DemoController.service
2018-05-18 11:31:27 [main] DEBUG o.s.b.f.s.DefaultListableBeanFactory - Creating shared instance of singleton bean 'demoServiceImpl'
2018-05-18 11:31:27 [main] DEBUG o.s.b.f.s.DefaultListableBeanFactory - Creating instance of bean 'demoServiceImpl'
2018-05-18 11:31:27 [main] DEBUG o.s.b.f.annotation.InjectionMetadata - Registered injected element on class [com.example.demo.service.DemoServiceImpl]: AutowiredFieldElement for java.lang.String com.example.demo.service.DemoServiceImpl.equiTriangle
2018-05-18 11:31:27 [main] DEBUG o.s.b.f.annotation.InjectionMetadata - Registered injected element on class [com.example.demo.service.DemoServiceImpl]: AutowiredFieldElement for java.lang.String com.example.demo.service.DemoServiceImpl.scalTriangle
2018-05-18 11:31:27 [main] DEBUG o.s.b.f.annotation.InjectionMetadata - Registered injected element on class [com.example.demo.service.DemoServiceImpl]: AutowiredFieldElement for java.lang.String com.example.demo.service.DemoServiceImpl.isoTriangle
2018-05-18 11:31:27 [main] DEBUG o.s.b.f.annotation.InjectionMetadata - Registered injected element on class [com.example.demo.service.DemoServiceImpl]: AutowiredFieldElement for java.lang.String com.example.demo.service.DemoServiceImpl.noTriangle
2018-05-18 11:31:27 [main] DEBUG o.s.b.f.s.DefaultListableBeanFactory - Eagerly caching bean 'demoServiceImpl' to allow for resolving potential circular references
2018-05-18 11:31:27 [main] DEBUG o.s.b.f.annotation.InjectionMetadata - Processing injected element of bean 'demoServiceImpl': AutowiredFieldElement for java.lang.String com.example.demo.service.DemoServiceImpl.equiTriangle
2018-05-18 11:31:27 [main] DEBUG o.s.c.e.PropertySourcesPropertyResolver - Found key 'app.triangle.equilateral' in PropertySource 'configurationProperties' with value of type String
2018-05-18 11:31:27 [main] DEBUG o.s.c.e.PropertySourcesPropertyResolver - Found key 'app.triangle.equilateral' in PropertySource 'environmentProperties' with value of type String
2018-05-18 11:31:27 [main] DEBUG o.s.b.f.annotation.InjectionMetadata - Processing injected element of bean 'demoServiceImpl': AutowiredFieldElement for java.lang.String com.example.demo.service.DemoServiceImpl.scalTriangle
2018-05-18 11:31:27 [main] DEBUG o.s.c.e.PropertySourcesPropertyResolver - Found key 'app.triangle.scalene' in PropertySource 'configurationProperties' with value of type String
2018-05-18 11:31:27 [main] DEBUG o.s.c.e.PropertySourcesPropertyResolver - Found key 'app.triangle.scalene' in PropertySource 'environmentProperties' with value of type String
2018-05-18 11:31:27 [main] DEBUG o.s.b.f.annotation.InjectionMetadata - Processing injected element of bean 'demoServiceImpl': AutowiredFieldElement for java.lang.String com.example.demo.service.DemoServiceImpl.isoTriangle
2018-05-18 11:31:27 [main] DEBUG o.s.c.e.PropertySourcesPropertyResolver - Found key 'app.triangle.isosceles' in PropertySource 'configurationProperties' with value of type String
2018-05-18 11:31:27 [main] DEBUG o.s.c.e.PropertySourcesPropertyResolver - Found key 'app.triangle.isosceles' in PropertySource 'environmentProperties' with value of type String
2018-05-18 11:31:27 [main] DEBUG o.s.b.f.annotation.InjectionMetadata - Processing injected element of bean 'demoServiceImpl': AutowiredFieldElement for java.lang.String com.example.demo.service.DemoServiceImpl.noTriangle
2018-05-18 11:31:27 [main] DEBUG o.s.c.e.PropertySourcesPropertyResolver - Found key 'app.triangle.invalid' in PropertySource 'configurationProperties' with value of type String
2018-05-18 11:31:27 [main] DEBUG o.s.c.e.PropertySourcesPropertyResolver - Found key 'app.triangle.invalid' in PropertySource 'environmentProperties' with value of type String
2018-05-18 11:31:27 [main] DEBUG o.s.b.f.s.DefaultListableBeanFactory - Finished creating instance of bean 'demoServiceImpl'
2018-05-18 11:31:27 [main] DEBUG o.s.b.f.a.AutowiredAnnotationBeanPostProcessor - Autowiring by type from bean name 'demoController' to bean named 'demoServiceImpl'
2018-05-18 11:31:27 [main] DEBUG o.s.b.f.annotation.InjectionMetadata - Processing injected element of bean 'demoController': AutowiredFieldElement for java.lang.String com.example.demo.controller.DemoController.ERROR_MESSAGE
2018-05-18 11:31:27 [main] DEBUG o.s.c.e.PropertySourcesPropertyResolver - Found key 'app.error.integer' in PropertySource 'configurationProperties' with value of type String
2018-05-18 11:31:27 [main] DEBUG o.s.c.e.PropertySourcesPropertyResolver - Found key 'app.error.integer' in PropertySource 'environmentProperties' with value of type String
2018-05-18 11:31:27 [main] DEBUG o.s.b.f.annotation.InjectionMetadata - Processing injected element of bean 'demoController': AutowiredFieldElement for java.lang.String com.example.demo.controller.DemoController.ERROR_MESSAGE_TIMEOUT
2018-05-18 11:31:27 [main] DEBUG o.s.c.e.PropertySourcesPropertyResolver - Found key 'app.error.timeout' in PropertySource 'configurationProperties' with value of type String
2018-05-18 11:31:27 [main] DEBUG o.s.c.e.PropertySourcesPropertyResolver - Found key 'app.error.timeout' in PropertySource 'environmentProperties' with value of type String
2018-05-18 11:31:27 [main] DEBUG o.s.a.a.a.AnnotationAwareAspectJAutoProxyCreator - Creating implicit proxy for bean 'demoController' with 0 common interceptors and 5 specific interceptors
2018-05-18 11:31:27 [main] DEBUG o.s.aop.framework.CglibAopProxy - Creating CGLIB proxy: target source is SingletonTargetSource for target object [com.example.demo.controller.DemoController@54f5f647]
2018-05-18 11:31:27 [main] DEBUG o.s.aop.framework.CglibAopProxy - Unable to apply any optimizations to advised method: public org.springframework.http.ResponseEntity com.example.demo.controller.DemoController.getReverseWord(java.lang.String,com.example.demo.model.CustomResponse,javax.servlet.http.HttpServletResponse)
2018-05-18 11:31:27 [main] DEBUG o.s.aop.framework.CglibAopProxy - Unable to apply any optimizations to advised method: public org.springframework.http.ResponseEntity com.example.demo.controller.DemoController.getTraingleName(java.lang.String,java.lang.String,java.lang.String,com.example.demo.model.CustomResponse,javax.servlet.http.HttpServletResponse)
2018-05-18 11:31:27 [main] DEBUG o.s.aop.framework.CglibAopProxy - Unable to apply any optimizations to advised method: public org.springframework.http.ResponseEntity com.example.demo.controller.DemoController.getOneArray(com.example.demo.util.ArrayListsCustom,com.example.demo.model.CustomResponse,javax.servlet.http.HttpServletResponse)
2018-05-18 11:31:27 [main] DEBUG o.s.aop.framework.CglibAopProxy - Unable to apply any optimizations to advised method: public org.springframework.http.ResponseEntity com.example.demo.controller.DemoController.getFibonacci(java.lang.String,com.example.demo.model.CustomResponse,javax.servlet.http.HttpServletResponse)
2018-05-18 11:31:27 [main] DEBUG o.s.aop.framework.CglibAopProxy - Found 'equals' method: public boolean java.lang.Object.equals(java.lang.Object)
2018-05-18 11:31:27 [main] DEBUG o.s.aop.framework.CglibAopProxy - Unable to apply any optimizations to advised method: public java.lang.String java.lang.Object.toString()
2018-05-18 11:31:27 [main] DEBUG o.s.aop.framework.CglibAopProxy - Found 'hashCode' method: public native int java.lang.Object.hashCode()
2018-05-18 11:31:27 [main] DEBUG o.s.aop.framework.CglibAopProxy - Unable to apply any optimizations to advised method: protected native java.lang.Object java.lang.Object.clone() throws java.lang.CloneNotSupportedException
2018-05-18 11:31:27 [main] DEBUG o.s.aop.framework.CglibAopProxy - Method is declared on Advised interface: public abstract int org.springframework.aop.framework.Advised.indexOf(org.aopalliance.aop.Advice)
2018-05-18 11:31:27 [main] DEBUG o.s.aop.framework.CglibAopProxy - Method is declared on Advised interface: public abstract int org.springframework.aop.framework.Advised.indexOf(org.springframework.aop.Advisor)
2018-05-18 11:31:27 [main] DEBUG o.s.aop.framework.CglibAopProxy - Method is declared on Advised interface: public abstract boolean org.springframework.aop.framework.Advised.isFrozen()
2018-05-18 11:31:27 [main] DEBUG o.s.aop.framework.CglibAopProxy - Method is declared on Advised interface: public abstract boolean org.springframework.aop.framework.Advised.isProxyTargetClass()
2018-05-18 11:31:27 [main] DEBUG o.s.aop.framework.CglibAopProxy - Method is declared on Advised interface: public abstract java.lang.Class[] org.springframework.aop.framework.Advised.getProxiedInterfaces()
2018-05-18 11:31:27 [main] DEBUG o.s.aop.framework.CglibAopProxy - Method is declared on Advised interface: public abstract java.lang.String org.springframework.aop.framework.Advised.toProxyConfigString()
2018-05-18 11:31:27 [main] DEBUG o.s.aop.framework.CglibAopProxy - Method is declared on Advised interface: public abstract boolean org.springframework.aop.framework.Advised.isInterfaceProxied(java.lang.Class)
2018-05-18 11:31:27 [main] DEBUG o.s.aop.framework.CglibAopProxy - Method is declared on Advised interface: public abstract org.springframework.aop.TargetSource org.springframework.aop.framework.Advised.getTargetSource()
2018-05-18 11:31:27 [main] DEBUG o.s.aop.framework.CglibAopProxy - Method is declared on Advised interface: public abstract void org.springframework.aop.framework.Advised.setTargetSource(org.springframework.aop.TargetSource)
2018-05-18 11:31:27 [main] DEBUG o.s.aop.framework.CglibAopProxy - Method is declared on Advised interface: public abstract void org.springframework.aop.framework.Advised.setExposeProxy(boolean)
2018-05-18 11:31:27 [main] DEBUG o.s.aop.framework.CglibAopProxy - Method is declared on Advised interface: public abstract boolean org.springframework.aop.framework.Advised.isExposeProxy()
2018-05-18 11:31:27 [main] DEBUG o.s.aop.framework.CglibAopProxy - Method is declared on Advised interface: public abstract org.springframework.aop.Advisor[] org.springframework.aop.framework.Advised.getAdvisors()
2018-05-18 11:31:27 [main] DEBUG o.s.aop.framework.CglibAopProxy - Method is declared on Advised interface: public abstract void org.springframework.aop.framework.Advised.setPreFiltered(boolean)
2018-05-18 11:31:27 [main] DEBUG o.s.aop.framework.CglibAopProxy - Method is declared on Advised interface: public abstract boolean org.springframework.aop.framework.Advised.isPreFiltered()
2018-05-18 11:31:27 [main] DEBUG o.s.aop.framework.CglibAopProxy - Method is declared on Advised interface: public abstract void org.springframework.aop.framework.Advised.addAdvisor(org.springframework.aop.Advisor) throws org.springframework.aop.framework.AopConfigException
2018-05-18 11:31:27 [main] DEBUG o.s.aop.framework.CglibAopProxy - Method is declared on Advised interface: public abstract void org.springframework.aop.framework.Advised.addAdvisor(int,org.springframework.aop.Advisor) throws org.springframework.aop.framework.AopConfigException
2018-05-18 11:31:27 [main] DEBUG o.s.aop.framework.CglibAopProxy - Method is declared on Advised interface: public abstract void org.springframework.aop.framework.Advised.addAdvice(org.aopalliance.aop.Advice) throws org.springframework.aop.framework.AopConfigException
2018-05-18 11:31:27 [main] DEBUG o.s.aop.framework.CglibAopProxy - Method is declared on Advised interface: public abstract void org.springframework.aop.framework.Advised.addAdvice(int,org.aopalliance.aop.Advice) throws org.springframework.aop.framework.AopConfigException
2018-05-18 11:31:27 [main] DEBUG o.s.aop.framework.CglibAopProxy - Method is declared on Advised interface: public abstract boolean org.springframework.aop.framework.Advised.removeAdvice(org.aopalliance.aop.Advice)
2018-05-18 11:31:27 [main] DEBUG o.s.aop.framework.CglibAopProxy - Method is declared on Advised interface: public abstract void org.springframework.aop.framework.Advised.removeAdvisor(int) throws org.springframework.aop.framework.AopConfigException
2018-05-18 11:31:27 [main] DEBUG o.s.aop.framework.CglibAopProxy - Method is declared on Advised interface: public abstract boolean org.springframework.aop.framework.Advised.removeAdvisor(org.springframework.aop.Advisor)
2018-05-18 11:31:27 [main] DEBUG o.s.aop.framework.CglibAopProxy - Method is declared on Advised interface: public abstract boolean org.springframework.aop.framework.Advised.replaceAdvisor(org.springframework.aop.Advisor,org.springframework.aop.Advisor) throws org.springframework.aop.framework.AopConfigException
2018-05-18 11:31:27 [main] DEBUG o.s.aop.framework.CglibAopProxy - Method is declared on Advised interface: public abstract java.lang.Class org.springframework.aop.TargetClassAware.getTargetClass()
2018-05-18 11:31:27 [main] DEBUG o.s.b.f.s.DefaultListableBeanFactory - Finished creating instance of bean 'demoController'
2018-05-18 11:31:27 [main] DEBUG o.s.b.f.s.DefaultListableBeanFactory - Returning cached instance of singleton bean 'demoServiceImpl'
2018-05-18 11:31:27 [main] DEBUG o.s.b.f.s.DefaultListableBeanFactory - Creating shared instance of singleton bean 'org.springframework.boot.autoconfigure.AutoConfigurationPackages'
2018-05-18 11:31:27 [main] DEBUG o.s.b.f.s.DefaultListableBeanFactory - Creating instance of bean 'org.springframework.boot.autoconfigure.AutoConfigurationPackages'
2018-05-18 11:31:27 [main] DEBUG o.s.b.f.s.DefaultListableBeanFactory - Eagerly caching bean 'org.springframework.boot.autoconfigure.AutoConfigurationPackages' to allow for resolving potential circular references
2018-05-18 11:31:27 [main] DEBUG o.s.b.f.s.DefaultListableBeanFactory - Finished creating instance of bean 'org.springframework.boot.autoconfigure.AutoConfigurationPackages'
2018-05-18 11:31:27 [main] DEBUG o.s.b.f.s.DefaultListableBeanFactory - Creating shared instance of singleton bean 'org.springframework.boot.autoconfigure.context.PropertyPlaceholderAutoConfiguration'
2018-05-18 11:31:27 [main] DEBUG o.s.b.f.s.DefaultListableBeanFactory - Creating instance of bean 'org.springframework.boot.autoconfigure.context.PropertyPlaceholderAutoConfiguration'
2018-05-18 11:31:27 [main] DEBUG o.s.b.f.s.DefaultListableBeanFactory - Eagerly caching bean 'org.springframework.boot.autoconfigure.context.PropertyPlaceholderAutoConfiguration' to allow for resolving potential circular references
2018-05-18 11:31:27 [main] DEBUG o.s.b.f.s.DefaultListableBeanFactory - Finished creating instance of bean 'org.springframework.boot.autoconfigure.context.PropertyPlaceholderAutoConfiguration'
2018-05-18 11:31:27 [main] DEBUG o.s.b.f.s.DefaultListableBeanFactory - Returning cached instance of singleton bean 'org.springframework.boot.autoconfigure.condition.BeanTypeRegistry'
2018-05-18 11:31:27 [main] DEBUG o.s.b.f.s.DefaultListableBeanFactory - Returning cached instance of singleton bean 'propertySourcesPlaceholderConfigurer'
2018-05-18 11:31:27 [main] DEBUG o.s.b.f.s.DefaultListableBeanFactory - Creating shared instance of singleton bean 'org.springframework.boot.autoconfigure.websocket.servlet.WebSocketServletAutoConfiguration$TomcatWebSocketConfiguration'
2018-05-18 11:31:27 [main] DEBUG o.s.b.f.s.DefaultListableBeanFactory - Creating instance of bean 'org.springframework.boot.autoconfigure.websocket.servlet.WebSocketServletAutoConfiguration$TomcatWebSocketConfiguration'
2018-05-18 11:31:27 [main] DEBUG o.s.b.f.s.DefaultListableBeanFactory - Eagerly caching bean 'org.springframework.boot.autoconfigure.websocket.servlet.WebSocketServletAutoConfiguration$TomcatWebSocketConfiguration' to allow for resolving potential circular references
2018-05-18 11:31:27 [main] DEBUG o.s.b.f.s.DefaultListableBeanFactory - Finished creating instance of bean 'org.springframework.boot.autoconfigure.websocket.servlet.WebSocketServletAutoConfiguration$TomcatWebSocketConfiguration'
2018-05-18 11:31:27 [main] DEBUG o.s.b.f.s.DefaultListableBeanFactory - Creating shared instance of singleton bean 'websocketContainerCustomizer'
2018-05-18 11:31:27 [main] DEBUG o.s.b.f.s.DefaultListableBeanFactory - Creating instance of bean 'websocketContainerCustomizer'
2018-05-18 11:31:27 [main] DEBUG o.s.b.f.s.DefaultListableBeanFactory - Returning cached instance of singleton bean 'org.springframework.boot.autoconfigure.websocket.servlet.WebSocketServletAutoConfiguration$TomcatWebSocketConfiguration'
2018-05-18 11:31:27 [main] DEBUG o.s.b.f.s.DefaultListableBeanFactory - Eagerly caching bean 'websocketContainerCustomizer' to allow for resolving potential circular references
