2018-05-18 11:30:43 [main] DEBUG o.s.c.a.ConfigurationClassBeanDefinitionReader - Registering bean definition for @Bean method org.springframework.boot.autoconfigure.web.servlet.WebMvcAutoConfiguration$EnableWebMvcConfiguration.mvcUriComponentsContributor()
2018-05-18 11:30:43 [main] DEBUG o.s.c.a.ConfigurationClassBeanDefinitionReader - Registering bean definition for @Bean method org.springframework.boot.autoconfigure.web.servlet.WebMvcAutoConfiguration$EnableWebMvcConfiguration.httpRequestHandlerAdapter()
2018-05-18 11:30:43 [main] DEBUG o.s.c.a.ConfigurationClassBeanDefinitionReader - Registering bean definition for @Bean method org.springframework.boot.autoconfigure.web.servlet.WebMvcAutoConfiguration$EnableWebMvcConfiguration.simpleControllerHandlerAdapter()
2018-05-18 11:30:43 [main] DEBUG o.s.c.a.ConfigurationClassBeanDefinitionReader - Registering bean definition for @Bean method org.springframework.boot.autoconfigure.web.servlet.WebMvcAutoConfiguration$EnableWebMvcConfiguration.handlerExceptionResolver()
2018-05-18 11:30:43 [main] DEBUG o.s.c.a.ConfigurationClassBeanDefinitionReader - Registering bean definition for @Bean method org.springframework.boot.autoconfigure.web.servlet.WebMvcAutoConfiguration$EnableWebMvcConfiguration.mvcViewResolver()
2018-05-18 11:30:43 [main] DEBUG o.s.c.a.ConfigurationClassBeanDefinitionReader - Registering bean definition for @Bean method org.springframework.boot.autoconfigure.web.servlet.WebMvcAutoConfiguration$EnableWebMvcConfiguration.mvcHandlerMappingIntrospector()
2018-05-18 11:30:43 [main] DEBUG o.s.c.a.ConfigurationClassBeanDefinitionReader - Registered bean definition for imported class 'org.springframework.boot.autoconfigure.web.servlet.WebMvcAutoConfiguration$WebMvcAutoConfigurationAdapter'
2018-05-18 11:30:43 [main] DEBUG o.s.b.f.s.DefaultListableBeanFactory - Returning cached instance of singleton bean 'org.springframework.boot.autoconfigure.condition.BeanTypeRegistry'
2018-05-18 11:30:43 [main] DEBUG o.s.b.f.s.DefaultListableBeanFactory - Returning cached instance of singleton bean 'autoConfigurationReport'
2018-05-18 11:30:43 [main] DEBUG o.s.c.a.ConfigurationClassBeanDefinitionReader - Registering bean definition for @Bean method org.springframework.boot.autoconfigure.web.servlet.WebMvcAutoConfiguration$WebMvcAutoConfigurationAdapter.defaultViewResolver()
2018-05-18 11:30:43 [main] DEBUG o.s.b.f.s.DefaultListableBeanFactory - Returning cached instance of singleton bean 'org.springframework.boot.autoconfigure.condition.BeanTypeRegistry'
2018-05-18 11:30:43 [main] DEBUG o.s.b.f.s.DefaultListableBeanFactory - Returning cached instance of singleton bean 'org.springframework.boot.autoconfigure.condition.BeanTypeRegistry'
2018-05-18 11:30:43 [main] DEBUG o.s.b.f.s.DefaultListableBeanFactory - Returning cached instance of singleton bean 'autoConfigurationReport'
2018-05-18 11:30:43 [main] DEBUG o.s.b.f.s.DefaultListableBeanFactory - Returning cached instance of singleton bean 'org.springframework.boot.autoconfigure.condition.BeanTypeRegistry'
2018-05-18 11:30:43 [main] DEBUG o.s.b.f.s.DefaultListableBeanFactory - Returning cached instance of singleton bean 'org.springframework.boot.autoconfigure.condition.BeanTypeRegistry'
2018-05-18 11:30:43 [main] DEBUG o.s.b.f.s.DefaultListableBeanFactory - Returning cached instance of singleton bean 'autoConfigurationReport'
2018-05-18 11:30:43 [main] DEBUG o.s.b.f.s.DefaultListableBeanFactory - Returning cached instance of singleton bean 'org.springframework.boot.autoconfigure.condition.BeanTypeRegistry'
2018-05-18 11:30:43 [main] DEBUG o.s.b.f.s.DefaultListableBeanFactory - Returning cached instance of singleton bean 'org.springframework.boot.autoconfigure.condition.BeanTypeRegistry'
2018-05-18 11:30:43 [main] DEBUG o.s.b.f.s.DefaultListableBeanFactory - Returning cached instance of singleton bean 'autoConfigurationReport'
2018-05-18 11:30:43 [main] DEBUG o.s.c.a.ConfigurationClassBeanDefinitionReader - Registering bean definition for @Bean method org.springframework.boot.autoconfigure.web.servlet.WebMvcAutoConfiguration$WebMvcAutoConfigurationAdapter.viewResolver()
2018-05-18 11:30:43 [main] DEBUG o.s.b.f.s.DefaultListableBeanFactory - Returning cached instance of singleton bean 'autoConfigurationReport'
2018-05-18 11:30:43 [main] DEBUG o.s.c.a.ConfigurationClassBeanDefinitionReader - Registering bean definition for @Bean method org.springframework.boot.autoconfigure.web.servlet.WebMvcAutoConfiguration$WebMvcAutoConfigurationAdapter.welcomePageHandlerMapping()
2018-05-18 11:30:43 [main] DEBUG o.s.b.f.s.DefaultListableBeanFactory - Returning cached instance of singleton bean 'org.springframework.boot.autoconfigure.condition.BeanTypeRegistry'
2018-05-18 11:30:43 [main] DEBUG o.s.b.f.s.DefaultListableBeanFactory - Returning cached instance of singleton bean 'org.springframework.boot.autoconfigure.condition.BeanTypeRegistry'
2018-05-18 11:30:43 [main] DEBUG o.s.b.f.s.DefaultListableBeanFactory - Returning cached instance of singleton bean 'autoConfigurationReport'
2018-05-18 11:30:43 [main] DEBUG o.s.c.a.ConfigurationClassBeanDefinitionReader - Registering bean definition for @Bean method org.springframework.boot.autoconfigure.web.servlet.WebMvcAutoConfiguration$WebMvcAutoConfigurationAdapter.requestContextFilter()
2018-05-18 11:30:43 [main] DEBUG o.s.c.a.ConfigurationClassBeanDefinitionReader - Registered bean definition for imported class 'org.springframework.boot.autoconfigure.web.servlet.WebMvcAutoConfiguration'
2018-05-18 11:30:43 [main] DEBUG o.s.b.f.s.DefaultListableBeanFactory - Returning cached instance of singleton bean 'org.springframework.boot.autoconfigure.condition.BeanTypeRegistry'
2018-05-18 11:30:43 [main] DEBUG o.s.b.f.s.DefaultListableBeanFactory - Returning cached instance of singleton bean 'autoConfigurationReport'
2018-05-18 11:30:43 [main] DEBUG o.s.c.a.ConfigurationClassBeanDefinitionReader - Registering bean definition for @Bean method org.springframework.boot.autoconfigure.web.servlet.WebMvcAutoConfiguration.hiddenHttpMethodFilter()
2018-05-18 11:30:43 [main] DEBUG o.s.b.f.s.DefaultListableBeanFactory - Returning cached instance of singleton bean 'autoConfigurationReport'
2018-05-18 11:30:43 [main] DEBUG o.s.b.f.s.DefaultListableBeanFactory - Returning cached instance of singleton bean 'org.springframework.boot.autoconfigure.condition.BeanTypeRegistry'
2018-05-18 11:30:43 [main] DEBUG o.s.b.f.s.DefaultListableBeanFactory - Returning cached instance of singleton bean 'autoConfigurationReport'
2018-05-18 11:30:43 [main] DEBUG o.s.c.a.ConfigurationClassBeanDefinitionReader - Registering bean definition for @Bean method org.springframework.boot.autoconfigure.web.servlet.WebMvcAutoConfiguration.httpPutFormContentFilter()
2018-05-18 11:30:43 [main] DEBUG o.s.b.f.s.DefaultListableBeanFactory - Returning cached instance of singleton bean 'autoConfigurationReport'
2018-05-18 11:30:43 [main] DEBUG o.s.b.f.s.DefaultListableBeanFactory - Returning cached instance of singleton bean 'autoConfigurationReport'
2018-05-18 11:30:43 [main] DEBUG o.s.b.f.s.DefaultListableBeanFactory - Returning cached instance of singleton bean 'autoConfigurationReport'
2018-05-18 11:30:43 [main] DEBUG o.s.c.a.ConfigurationClassBeanDefinitionReader - Registered bean definition for imported class 'org.springframework.boot.autoconfigure.aop.AopAutoConfiguration$CglibAutoProxyConfiguration'
2018-05-18 11:30:43 [main] DEBUG o.s.c.a.ConfigurationClassBeanDefinitionReader - Registered bean definition for imported class 'org.springframework.boot.autoconfigure.aop.AopAutoConfiguration'
2018-05-18 11:30:43 [main] DEBUG o.s.b.f.s.DefaultListableBeanFactory - Returning cached instance of singleton bean 'autoConfigurationReport'
2018-05-18 11:30:43 [main] DEBUG o.s.b.f.s.DefaultListableBeanFactory - Returning cached instance of singleton bean 'org.springframework.boot.autoconfigure.condition.BeanTypeRegistry'
2018-05-18 11:30:43 [main] DEBUG o.s.b.f.s.DefaultListableBeanFactory - Returning cached instance of singleton bean 'autoConfigurationReport'
2018-05-18 11:30:43 [main] DEBUG o.s.c.a.ConfigurationClassBeanDefinitionReader - Registered bean definition for imported class 'org.springframework.boot.autoconfigure.context.ConfigurationPropertiesAutoConfiguration'
2018-05-18 11:30:43 [main] DEBUG o.s.b.f.s.DefaultListableBeanFactory - Returning cached instance of singleton bean 'autoConfigurationReport'
2018-05-18 11:30:43 [main] DEBUG o.s.b.f.s.DefaultListableBeanFactory - Returning cached instance of singleton bean 'autoConfigurationReport'
2018-05-18 11:30:43 [main] DEBUG o.s.c.a.ConfigurationClassBeanDefinitionReader - Registered bean definition for imported class 'org.springframework.boot.autoconfigure.jackson.JacksonAutoConfiguration$Jackson2ObjectMapperBuilderCustomizerConfiguration'
2018-05-18 11:30:43 [main] DEBUG o.s.c.a.ConfigurationClassBeanDefinitionReader - Registering bean definition for @Bean method org.springframework.boot.autoconfigure.jackson.JacksonAutoConfiguration$Jackson2ObjectMapperBuilderCustomizerConfiguration.standardJacksonObjectMapperBuilderCustomizer()
2018-05-18 11:30:43 [main] DEBUG o.s.b.f.s.DefaultListableBeanFactory - Returning cached instance of singleton bean 'autoConfigurationReport'
2018-05-18 11:30:43 [main] DEBUG o.s.c.a.ConfigurationClassBeanDefinitionReader - Registered bean definition for imported class 'org.springframework.boot.autoconfigure.jackson.JacksonAutoConfiguration$JacksonObjectMapperBuilderConfiguration'
2018-05-18 11:30:43 [main] DEBUG o.s.b.f.s.DefaultListableBeanFactory - Returning cached instance of singleton bean 'org.springframework.boot.autoconfigure.condition.BeanTypeRegistry'
2018-05-18 11:30:43 [main] DEBUG o.s.b.f.s.DefaultListableBeanFactory - Returning cached instance of singleton bean 'autoConfigurationReport'
2018-05-18 11:30:43 [main] DEBUG o.s.c.a.ConfigurationClassBeanDefinitionReader - Registering bean definition for @Bean method org.springframework.boot.autoconfigure.jackson.JacksonAutoConfiguration$JacksonObjectMapperBuilderConfiguration.jacksonObjectMapperBuilder()
2018-05-18 11:30:43 [main] DEBUG o.s.b.f.s.DefaultListableBeanFactory - Returning cached instance of singleton bean 'autoConfigurationReport'
2018-05-18 11:30:43 [main] DEBUG o.s.c.a.ConfigurationClassBeanDefinitionReader - Registered bean definition for imported class 'org.springframework.boot.autoconfigure.jackson.JacksonAutoConfiguration$ParameterNamesModuleConfiguration'
2018-05-18 11:30:43 [main] DEBUG o.s.b.f.s.DefaultListableBeanFactory - Returning cached instance of singleton bean 'org.springframework.boot.autoconfigure.condition.BeanTypeRegistry'
2018-05-18 11:30:43 [main] DEBUG o.s.b.f.s.DefaultListableBeanFactory - Returning cached instance of singleton bean 'autoConfigurationReport'
2018-05-18 11:30:43 [main] DEBUG o.s.c.a.ConfigurationClassBeanDefinitionReader - Registering bean definition for @Bean method org.springframework.boot.autoconfigure.jackson.JacksonAutoConfiguration$ParameterNamesModuleConfiguration.parameterNamesModule()
2018-05-18 11:30:43 [main] DEBUG o.s.b.f.s.DefaultListableBeanFactory - Returning cached instance of singleton bean 'autoConfigurationReport'
2018-05-18 11:30:43 [main] DEBUG o.s.c.a.ConfigurationClassBeanDefinitionReader - Registered bean definition for imported class 'org.springframework.boot.autoconfigure.jackson.JacksonAutoConfiguration$JacksonObjectMapperConfiguration'
2018-05-18 11:30:43 [main] DEBUG o.s.b.f.s.DefaultListableBeanFactory - Returning cached instance of singleton bean 'org.springframework.boot.autoconfigure.condition.BeanTypeRegistry'
2018-05-18 11:30:43 [main] DEBUG o.s.b.f.s.DefaultListableBeanFactory - Returning cached instance of singleton bean 'autoConfigurationReport'
2018-05-18 11:30:43 [main] DEBUG o.s.c.a.ConfigurationClassBeanDefinitionReader - Registering bean definition for @Bean method org.springframework.boot.autoconfigure.jackson.JacksonAutoConfiguration$JacksonObjectMapperConfiguration.jacksonObjectMapper()
2018-05-18 11:30:43 [main] DEBUG o.s.c.a.ConfigurationClassBeanDefinitionReader - Registered bean definition for imported class 'org.springframework.boot.autoconfigure.jackson.JacksonAutoConfiguration'
2018-05-18 11:30:43 [main] DEBUG o.s.c.a.ConfigurationClassBeanDefinitionReader - Registering bean definition for @Bean method org.springframework.boot.autoconfigure.jackson.JacksonAutoConfiguration.jsonComponentModule()
2018-05-18 11:30:43 [main] DEBUG o.s.b.f.s.DefaultListableBeanFactory - Returning cached instance of singleton bean 'autoConfigurationReport'
2018-05-18 11:30:43 [main] DEBUG o.s.b.f.s.DefaultListableBeanFactory - Returning cached instance of singleton bean 'autoConfigurationReport'
2018-05-18 11:30:43 [main] DEBUG o.s.c.a.ConfigurationClassBeanDefinitionReader - Registered bean definition for imported class 'org.springframework.boot.autoconfigure.http.HttpMessageConvertersAutoConfiguration$StringHttpMessageConverterConfiguration'
2018-05-18 11:30:43 [main] DEBUG o.s.b.f.s.DefaultListableBeanFactory - Returning cached instance of singleton bean 'org.springframework.boot.autoconfigure.condition.BeanTypeRegistry'
2018-05-18 11:30:43 [main] DEBUG o.s.b.f.s.DefaultListableBeanFactory - Returning cached instance of singleton bean 'autoConfigurationReport'
2018-05-18 11:30:43 [main] DEBUG o.s.c.a.ConfigurationClassBeanDefinitionReader - Registering bean definition for @Bean method org.springframework.boot.autoconfigure.http.HttpMessageConvertersAutoConfiguration$StringHttpMessageConverterConfiguration.stringHttpMessageConverter()
2018-05-18 11:30:43 [main] DEBUG o.s.b.f.s.DefaultListableBeanFactory - Returning cached instance of singleton bean 'autoConfigurationReport'
2018-05-18 11:30:43 [main] DEBUG o.s.b.f.s.DefaultListableBeanFactory - Returning cached instance of singleton bean 'autoConfigurationReport'
2018-05-18 11:30:43 [main] DEBUG o.s.b.f.s.DefaultListableBeanFactory - Returning cached instance of singleton bean 'org.springframework.boot.autoconfigure.condition.BeanTypeRegistry'
2018-05-18 11:30:43 [main] DEBUG o.s.b.f.s.DefaultListableBeanFactory - Returning cached instance of singleton bean 'autoConfigurationReport'
2018-05-18 11:30:43 [main] DEBUG o.s.c.a.ConfigurationClassBeanDefinitionReader - Registered bean definition for imported class 'org.springframework.boot.autoconfigure.http.JacksonHttpMessageConvertersConfiguration$MappingJackson2HttpMessageConverterConfiguration'
2018-05-18 11:30:43 [main] DEBUG o.s.b.f.s.DefaultListableBeanFactory - Returning cached instance of singleton bean 'org.springframework.boot.autoconfigure.condition.BeanTypeRegistry'
2018-05-18 11:30:43 [main] DEBUG o.s.b.f.s.DefaultListableBeanFactory - Returning cached instance of singleton bean 'autoConfigurationReport'
2018-05-18 11:30:43 [main] DEBUG o.s.c.a.ConfigurationClassBeanDefinitionReader - Registering bean definition for @Bean method org.springframework.boot.autoconfigure.http.JacksonHttpMessageConvertersConfiguration$MappingJackson2HttpMessageConverterConfiguration.mappingJackson2HttpMessageConverter()
2018-05-18 11:30:43 [main] DEBUG o.s.c.a.ConfigurationClassBeanDefinitionReader - Registered bean definition for imported class 'org.springframework.boot.autoconfigure.http.JacksonHttpMessageConvertersConfiguration'
2018-05-18 11:30:43 [main] DEBUG o.s.c.a.ConfigurationClassBeanDefinitionReader - Registered bean definition for imported class 'org.springframework.boot.autoconfigure.http.HttpMessageConvertersAutoConfiguration'
2018-05-18 11:30:43 [main] DEBUG o.s.b.f.s.DefaultListableBeanFactory - Returning cached instance of singleton bean 'org.springframework.boot.autoconfigure.condition.BeanTypeRegistry'
2018-05-18 11:30:43 [main] DEBUG o.s.b.f.s.DefaultListableBeanFactory - Returning cached instance of singleton bean 'autoConfigurationReport'
2018-05-18 11:30:43 [main] DEBUG o.s.c.a.ConfigurationClassBeanDefinitionReader - Registering bean definition for @Bean method org.springframework.boot.autoconfigure.http.HttpMessageConvertersAutoConfiguration.messageConverters()
2018-05-18 11:30:43 [main] DEBUG o.s.b.f.s.DefaultListableBeanFactory - Returning cached instance of singleton bean 'autoConfigurationReport'
2018-05-18 11:30:43 [main] DEBUG o.s.b.f.s.DefaultListableBeanFactory - Returning cached instance of singleton bean 'autoConfigurationReport'
2018-05-18 11:30:43 [main] DEBUG o.s.c.a.ConfigurationClassBeanDefinitionReader - Registered bean definition for imported class 'org.springframework.boot.autoconfigure.http.codec.CodecsAutoConfiguration$JacksonCodecConfiguration'
2018-05-18 11:30:43 [main] DEBUG o.s.b.f.s.DefaultListableBeanFactory - Returning cached instance of singleton bean 'org.springframework.boot.autoconfigure.condition.BeanTypeRegistry'
2018-05-18 11:30:43 [main] DEBUG o.s.b.f.s.DefaultListableBeanFactory - Returning cached instance of singleton bean 'autoConfigurationReport'
2018-05-18 11:30:43 [main] DEBUG o.s.c.a.ConfigurationClassBeanDefinitionReader - Registering bean definition for @Bean method org.springframework.boot.autoconfigure.http.codec.CodecsAutoConfiguration$JacksonCodecConfiguration.jacksonCodecCustomizer()
2018-05-18 11:30:43 [main] DEBUG o.s.c.a.ConfigurationClassBeanDefinitionReader - Registered bean definition for imported class 'org.springframework.boot.autoconfigure.http.codec.CodecsAutoConfiguration'
2018-05-18 11:30:43 [main] DEBUG o.s.c.a.ConfigurationClassBeanDefinitionReader - Registered bean definition for imported class 'org.springframework.boot.autoconfigure.info.ProjectInfoAutoConfiguration'
2018-05-18 11:30:43 [main] DEBUG o.s.c.e.PropertySourcesPropertyResolver - Could not find key 'spring.info.git.location' in any property source
2018-05-18 11:30:43 [main] DEBUG o.s.b.f.s.DefaultListableBeanFactory - Returning cached instance of singleton bean 'autoConfigurationReport'
2018-05-18 11:30:43 [main] DEBUG o.s.c.e.PropertySourcesPropertyResolver - Could not find key 'spring.info.build.location:classpath:META-INF/build-info.properties' in any property source
2018-05-18 11:30:43 [main] DEBUG o.s.c.e.PropertySourcesPropertyResolver - Could not find key 'spring.info.build.location' in any property source
2018-05-18 11:30:43 [main] DEBUG o.s.b.f.s.DefaultListableBeanFactory - Returning cached instance of singleton bean 'autoConfigurationReport'
2018-05-18 11:30:43 [main] DEBUG o.s.c.a.ConfigurationClassBeanDefinitionReader - Registered bean definition for imported class 'org.springframework.boot.autoconfigure.security.reactive.ReactiveSecurityAutoConfiguration'
2018-05-18 11:30:43 [main] DEBUG o.s.b.f.s.DefaultListableBeanFactory - Returning cached instance of singleton bean 'autoConfigurationReport'
2018-05-18 11:30:43 [main] DEBUG o.s.c.a.ConfigurationClassBeanDefinitionReader - Registered bean definition for imported class 'org.springframework.boot.autoconfigure.web.client.RestTemplateAutoConfiguration'
2018-05-18 11:30:43 [main] DEBUG o.s.b.f.s.DefaultListableBeanFactory - Returning cached instance of singleton bean 'org.springframework.boot.autoconfigure.condition.BeanTypeRegistry'
2018-05-18 11:30:43 [main] DEBUG o.s.b.f.s.DefaultListableBeanFactory - Returning cached instance of singleton bean 'autoConfigurationReport'
2018-05-18 11:30:43 [main] DEBUG o.s.c.a.ConfigurationClassBeanDefinitionReader - Registering bean definition for @Bean method org.springframework.boot.autoconfigure.web.client.RestTemplateAutoConfiguration.restTemplateBuilder()
2018-05-18 11:30:43 [main] DEBUG o.s.b.f.s.DefaultListableBeanFactory - Returning cached instance of singleton bean 'autoConfigurationReport'
2018-05-18 11:30:43 [main] DEBUG o.s.c.a.ConfigurationClassBeanDefinitionReader - Registered bean definition for imported class 'org.springframework.boot.autoconfigure.web.embedded.EmbeddedWebServerFactoryCustomizerAutoConfiguration$TomcatWebServerFactoryCustomizerConfiguration'
2018-05-18 11:30:43 [main] DEBUG o.s.c.a.ConfigurationClassBeanDefinitionReader - Registering bean definition for @Bean method org.springframework.boot.autoconfigure.web.embedded.EmbeddedWebServerFactoryCustomizerAutoConfiguration$TomcatWebServerFactoryCustomizerConfiguration.tomcatWebServerFactoryCustomizer()
2018-05-18 11:30:43 [main] DEBUG o.s.c.a.ConfigurationClassBeanDefinitionReader - Registered bean definition for imported class 'org.springframework.boot.autoconfigure.web.embedded.EmbeddedWebServerFactoryCustomizerAutoConfiguration'
2018-05-18 11:30:43 [main] DEBUG o.s.b.f.s.DefaultListableBeanFactory - Returning cached instance of singleton bean 'autoConfigurationReport'
2018-05-18 11:30:43 [main] DEBUG o.s.b.f.s.DefaultListableBeanFactory - Returning cached instance of singleton bean 'autoConfigurationReport'
2018-05-18 11:30:43 [main] DEBUG o.s.b.f.s.DefaultListableBeanFactory - Returning cached instance of singleton bean 'autoConfigurationReport'
2018-05-18 11:30:43 [main] DEBUG o.s.c.a.ConfigurationClassBeanDefinitionReader - Registered bean definition for imported class 'org.springframework.boot.autoconfigure.web.servlet.HttpEncodingAutoConfiguration'
2018-05-18 11:30:43 [main] DEBUG o.s.b.f.s.DefaultListableBeanFactory - Returning cached instance of singleton bean 'org.springframework.boot.autoconfigure.condition.BeanTypeRegistry'
2018-05-18 11:30:43 [main] DEBUG o.s.b.f.s.DefaultListableBeanFactory - Returning cached instance of singleton bean 'autoConfigurationReport'
2018-05-18 11:30:43 [main] DEBUG o.s.c.a.ConfigurationClassBeanDefinitionReader - Registering bean definition for @Bean method org.springframework.boot.autoconfigure.web.servlet.HttpEncodingAutoConfiguration.characterEncodingFilter()
2018-05-18 11:30:43 [main] DEBUG o.s.c.a.ConfigurationClassBeanDefinitionReader - Registering bean definition for @Bean method org.springframework.boot.autoconfigure.web.servlet.HttpEncodingAutoConfiguration.localeCharsetMappingsCustomizer()
2018-05-18 11:30:43 [main] DEBUG o.s.b.f.s.DefaultListableBeanFactory - Returning cached instance of singleton bean 'autoConfigurationReport'
2018-05-18 11:30:43 [main] DEBUG o.s.b.f.s.DefaultListableBeanFactory - Returning cached instance of singleton bean 'autoConfigurationReport'
2018-05-18 11:30:43 [main] DEBUG o.s.b.f.s.DefaultListableBeanFactory - Returning cached instance of singleton bean 'autoConfigurationReport'
2018-05-18 11:30:43 [main] DEBUG o.s.c.a.ConfigurationClassBeanDefinitionReader - Registered bean definition for imported class 'org.springframework.boot.autoconfigure.web.servlet.MultipartAutoConfiguration'
2018-05-18 11:30:43 [main] DEBUG o.s.b.f.s.DefaultListableBeanFactory - Returning cached instance of singleton bean 'org.springframework.boot.autoconfigure.condition.BeanTypeRegistry'
2018-05-18 11:30:43 [main] DEBUG o.s.b.f.s.DefaultListableBeanFactory - Returning cached instance of singleton bean 'autoConfigurationReport'
2018-05-18 11:30:43 [main] DEBUG o.s.c.a.ConfigurationClassBeanDefinitionReader - Registering bean definition for @Bean method org.springframework.boot.autoconfigure.web.servlet.MultipartAutoConfiguration.multipartConfigElement()
2018-05-18 11:30:43 [main] DEBUG o.s.b.f.s.DefaultListableBeanFactory - Returning cached instance of singleton bean 'org.springframework.boot.autoconfigure.condition.BeanTypeRegistry'
2018-05-18 11:30:43 [main] DEBUG o.s.b.f.s.DefaultListableBeanFactory - Returning cached instance of singleton bean 'autoConfigurationReport'
2018-05-18 11:30:43 [main] DEBUG o.s.c.a.ConfigurationClassBeanDefinitionReader - Registering bean definition for @Bean method org.springframework.boot.autoconfigure.web.servlet.MultipartAutoConfiguration.multipartResolver()
2018-05-18 11:30:44 [main] DEBUG o.s.c.a.ConfigurationClassEnhancer - Successfully enhanced com.example.demo.TelstraCodingApplication; enhanced class name is: com.example.demo.TelstraCodingApplication$$EnhancerBySpringCGLIB$$48f5a18
2018-05-18 11:30:44 [main] DEBUG o.s.c.a.ConfigurationClassPostProcessor - Replacing bean definition 'telstraCodingApplication' existing class 'com.example.demo.TelstraCodingApplication' with enhanced class 'com.example.demo.TelstraCodingApplication$$EnhancerBySpringCGLIB$$48f5a18'
2018-05-18 11:30:44 [main] DEBUG o.s.c.a.ConfigurationClassEnhancer - Successfully enhanced com.example.demo.aspect.LoggingAspect; enhanced class name is: com.example.demo.aspect.LoggingAspect$$EnhancerBySpringCGLIB$$ae06bb3e
2018-05-18 11:30:44 [main] DEBUG o.s.c.a.ConfigurationClassPostProcessor - Replacing bean definition 'loggingAspect' existing class 'com.example.demo.aspect.LoggingAspect' with enhanced class 'com.example.demo.aspect.LoggingAspect$$EnhancerBySpringCGLIB$$ae06bb3e'
