2018-05-18 08:06:00 [http-nio-8080-exec-1] DEBUG o.s.b.w.s.f.OrderedRequestContextFilter - Cleared thread-bound request context: org.apache.catalina.connector.RequestFacade@bbbff54
2018-05-18 08:06:34 [http-nio-8080-exec-2] DEBUG o.s.b.w.s.f.OrderedRequestContextFilter - Bound request context to thread: org.apache.catalina.connector.RequestFacade@bbbff54
2018-05-18 08:06:34 [http-nio-8080-exec-2] DEBUG o.s.web.servlet.DispatcherServlet - DispatcherServlet with name 'dispatcherServlet' processing GET request for [/api/Fibonacci]
2018-05-18 08:06:34 [http-nio-8080-exec-2] DEBUG o.s.w.s.m.m.a.RequestMappingHandlerMapping - Looking up handler method for path /api/Fibonacci
2018-05-18 08:06:34 [http-nio-8080-exec-2] DEBUG o.s.w.s.m.m.a.RequestMappingHandlerMapping - Returning handler method [public org.springframework.http.ResponseEntity<com.example.demo.model.CustomResponse> com.example.demo.controller.DemoController.getFibonacci(java.lang.String,com.example.demo.model.CustomResponse,javax.servlet.http.HttpServletResponse)]
2018-05-18 08:06:34 [http-nio-8080-exec-2] DEBUG o.s.b.f.s.DefaultListableBeanFactory - Returning cached instance of singleton bean 'demoController'
2018-05-18 08:06:34 [http-nio-8080-exec-2] DEBUG o.s.web.servlet.DispatcherServlet - Last-Modified value for [/api/Fibonacci] is: -1
2018-05-18 08:06:34 [http-nio-8080-exec-2] INFO  c.example.demo.aspect.LoggingAspect - ============@Before==========
2018-05-18 08:06:34 [http-nio-8080-exec-2] DEBUG c.example.demo.aspect.LoggingAspect - Method Name : getFibonacci
2018-05-18 08:06:34 [http-nio-8080-exec-2] DEBUG c.example.demo.aspect.LoggingAspect - *********************************
2018-05-18 08:06:34 [http-nio-8080-exec-2] INFO  c.example.demo.aspect.LoggingAspect - ============@After==========
2018-05-18 08:06:34 [http-nio-8080-exec-2] DEBUG c.example.demo.aspect.LoggingAspect - Method Name : getFibonacci
2018-05-18 08:06:34 [http-nio-8080-exec-2] DEBUG c.example.demo.aspect.LoggingAspect - Method arguments : [11, com.example.demo.model.CustomResponse@2736449f, org.apache.catalina.connector.ResponseFacade@202abd84]
2018-05-18 08:06:34 [http-nio-8080-exec-2] DEBUG c.example.demo.aspect.LoggingAspect - *********************************
2018-05-18 08:06:34 [http-nio-8080-exec-2] DEBUG c.example.demo.aspect.LoggingAspect - ============@AfterReturning==========
2018-05-18 08:06:34 [http-nio-8080-exec-2] DEBUG c.example.demo.aspect.LoggingAspect - Method Name : getFibonacci
2018-05-18 08:06:34 [http-nio-8080-exec-2] DEBUG c.example.demo.aspect.LoggingAspect - Method arguments : [11, com.example.demo.model.CustomResponse@2736449f, org.apache.catalina.connector.ResponseFacade@202abd84]
2018-05-18 08:06:34 [http-nio-8080-exec-2] DEBUG c.example.demo.aspect.LoggingAspect - *********************************
2018-05-18 08:06:34 [http-nio-8080-exec-2] DEBUG o.s.w.s.m.m.a.HttpEntityMethodProcessor - Written [com.example.demo.model.CustomResponse@2736449f] as "application/json" using [org.springframework.http.converter.json.MappingJackson2HttpMessageConverter@74cf8b28]
2018-05-18 08:06:34 [http-nio-8080-exec-2] DEBUG o.s.web.servlet.DispatcherServlet - Null ModelAndView returned to DispatcherServlet with name 'dispatcherServlet': assuming HandlerAdapter completed request handling
2018-05-18 08:06:34 [http-nio-8080-exec-2] DEBUG o.s.web.servlet.DispatcherServlet - Successfully completed request
2018-05-18 08:06:34 [http-nio-8080-exec-2] DEBUG o.s.b.w.s.f.OrderedRequestContextFilter - Cleared thread-bound request context: org.apache.catalina.connector.RequestFacade@bbbff54
2018-05-18 08:06:59 [http-nio-8080-exec-3] DEBUG o.s.b.w.s.f.OrderedRequestContextFilter - Bound request context to thread: org.apache.catalina.connector.RequestFacade@bbbff54
2018-05-18 08:06:59 [http-nio-8080-exec-3] DEBUG o.s.web.servlet.DispatcherServlet - DispatcherServlet with name 'dispatcherServlet' processing GET request for [/demo/api/Fibonacci]
2018-05-18 08:06:59 [http-nio-8080-exec-3] DEBUG o.s.w.s.m.m.a.RequestMappingHandlerMapping - Looking up handler method for path /demo/api/Fibonacci
2018-05-18 08:06:59 [http-nio-8080-exec-3] DEBUG o.s.w.s.m.m.a.RequestMappingHandlerMapping - Did not find handler method for [/demo/api/Fibonacci]
2018-05-18 08:06:59 [http-nio-8080-exec-3] DEBUG o.s.w.s.h.SimpleUrlHandlerMapping - Matching patterns for request [/demo/api/Fibonacci] are [/**]
2018-05-18 08:06:59 [http-nio-8080-exec-3] DEBUG o.s.w.s.h.SimpleUrlHandlerMapping - URI Template variables for request [/demo/api/Fibonacci] are {}
2018-05-18 08:06:59 [http-nio-8080-exec-3] DEBUG o.s.w.s.h.SimpleUrlHandlerMapping - Mapping [/demo/api/Fibonacci] to HandlerExecutionChain with handler [ResourceHttpRequestHandler [locations=[class path resource [META-INF/resources/], class path resource [resources/], class path resource [static/], class path resource [public/], ServletContext resource [/]], resolvers=[org.springframework.web.servlet.resource.PathResourceResolver@28cb9120]]] and 1 interceptor
2018-05-18 08:06:59 [http-nio-8080-exec-3] DEBUG o.s.web.servlet.DispatcherServlet - Last-Modified value for [/demo/api/Fibonacci] is: -1
2018-05-18 08:06:59 [http-nio-8080-exec-3] DEBUG o.s.web.servlet.DispatcherServlet - Null ModelAndView returned to DispatcherServlet with name 'dispatcherServlet': assuming HandlerAdapter completed request handling
2018-05-18 08:06:59 [http-nio-8080-exec-3] DEBUG o.s.web.servlet.DispatcherServlet - Successfully completed request
2018-05-18 08:06:59 [http-nio-8080-exec-3] DEBUG o.s.b.w.s.f.OrderedRequestContextFilter - Cleared thread-bound request context: org.apache.catalina.connector.RequestFacade@bbbff54
2018-05-18 08:06:59 [http-nio-8080-exec-3] DEBUG o.s.web.servlet.DispatcherServlet - DispatcherServlet with name 'dispatcherServlet' processing GET request for [/error]
2018-05-18 08:06:59 [http-nio-8080-exec-3] DEBUG o.s.w.s.m.m.a.RequestMappingHandlerMapping - Looking up handler method for path /error
2018-05-18 08:06:59 [http-nio-8080-exec-3] DEBUG o.s.w.s.m.m.a.RequestMappingHandlerMapping - Returning handler method [public org.springframework.http.ResponseEntity<java.util.Map<java.lang.String, java.lang.Object>> org.springframework.boot.autoconfigure.web.servlet.error.BasicErrorController.error(javax.servlet.http.HttpServletRequest)]
2018-05-18 08:06:59 [http-nio-8080-exec-3] DEBUG o.s.b.f.s.DefaultListableBeanFactory - Returning cached instance of singleton bean 'basicErrorController'
2018-05-18 08:06:59 [http-nio-8080-exec-3] DEBUG o.s.web.servlet.DispatcherServlet - Last-Modified value for [/error] is: -1
2018-05-18 08:06:59 [http-nio-8080-exec-3] DEBUG o.s.w.s.m.m.a.HttpEntityMethodProcessor - Written [{timestamp=Fri May 18 08:06:59 IST 2018, status=404, error=Not Found, message=No message available, path=/demo/api/Fibonacci}] as "application/json" using [org.springframework.http.converter.json.MappingJackson2HttpMessageConverter@74cf8b28]
2018-05-18 08:06:59 [http-nio-8080-exec-3] DEBUG o.s.web.servlet.DispatcherServlet - Null ModelAndView returned to DispatcherServlet with name 'dispatcherServlet': assuming HandlerAdapter completed request handling
2018-05-18 08:06:59 [http-nio-8080-exec-3] DEBUG o.s.web.servlet.DispatcherServlet - Successfully completed request
